<?xml version="1.0" encoding="UTF-8"?>
<testng-results skipped="0" failed="1" total="17" passed="16">
  <reporter-output>
  </reporter-output>
  <suite name="Suite" duration-ms="36453" started-at="2019-01-02T09:38:50Z" finished-at="2019-01-02T09:39:27Z">
    <groups>
    </groups>
    <test name="Test" duration-ms="36453" started-at="2019-01-02T09:38:50Z" finished-at="2019-01-02T09:39:27Z">
      <class name="WPOSAPI.PinCHip">
        <test-method status="PASS" signature="Login()" name="Login" duration-ms="4147" started-at="2019-01-02T09:38:51Z" finished-at="2019-01-02T09:38:55Z">
        </test-method>
        <test-method status="PASS" signature="Merchant()" name="Merchant" duration-ms="6117" started-at="2019-01-02T09:38:57Z" finished-at="2019-01-02T09:39:03Z">
        </test-method>
        <test-method status="PASS" signature="Date()" name="Date" duration-ms="3" started-at="2019-01-02T09:39:15Z" finished-at="2019-01-02T09:39:15Z">
        </test-method>
        <test-method status="PASS" signature="Sale()" name="Sale" duration-ms="1151" started-at="2019-01-02T09:39:15Z" finished-at="2019-01-02T09:39:16Z">
        </test-method>
        <test-method status="PASS" signature="Auth()" name="Auth" duration-ms="3706" started-at="2019-01-02T09:39:18Z" finished-at="2019-01-02T09:39:22Z">
        </test-method>
        <test-method status="PASS" signature="capture()" name="capture" duration-ms="1639" started-at="2019-01-02T09:39:23Z" finished-at="2019-01-02T09:39:25Z">
        </test-method>
      </class>
      <class name="WPOSAPI.contactless">
        <test-method status="PASS" signature="Login()" name="Login" duration-ms="1093" started-at="2019-01-02T09:38:55Z" finished-at="2019-01-02T09:38:56Z">
        </test-method>
        <test-method status="PASS" signature="Merchant()" name="Merchant" duration-ms="6060" started-at="2019-01-02T09:39:03Z" finished-at="2019-01-02T09:39:09Z">
        </test-method>
        <test-method status="PASS" signature="Date()" name="Date" duration-ms="2" started-at="2019-01-02T09:39:15Z" finished-at="2019-01-02T09:39:15Z">
        </test-method>
        <test-method status="PASS" signature="Sale()" name="Sale" duration-ms="1051" started-at="2019-01-02T09:39:16Z" finished-at="2019-01-02T09:39:17Z">
        </test-method>
        <test-method status="PASS" signature="Auth()" name="Auth" duration-ms="1" started-at="2019-01-02T09:39:22Z" finished-at="2019-01-02T09:39:22Z">
        </test-method>
        <test-method status="PASS" signature="capture()" name="capture" duration-ms="2298" started-at="2019-01-02T09:39:25Z" finished-at="2019-01-02T09:39:27Z">
        </test-method>
      </class>
      <class name="WPOSAPI.swipe">
        <test-method status="PASS" signature="Login()" name="Login" duration-ms="1040" started-at="2019-01-02T09:38:56Z" finished-at="2019-01-02T09:38:57Z">
        </test-method>
        <test-method status="PASS" signature="Merchant()" name="Merchant" duration-ms="6058" started-at="2019-01-02T09:39:09Z" finished-at="2019-01-02T09:39:15Z">
        </test-method>
        <test-method status="PASS" signature="Date()" name="Date" duration-ms="1" started-at="2019-01-02T09:39:15Z" finished-at="2019-01-02T09:39:15Z">
        </test-method>
        <test-method status="PASS" signature="Sale()" name="Sale" duration-ms="1026" started-at="2019-01-02T09:39:17Z" finished-at="2019-01-02T09:39:18Z">
        </test-method>
        <test-method status="FAIL" signature="SwipeAuth()" name="SwipeAuth" duration-ms="1023" started-at="2019-01-02T09:39:22Z" finished-at="2019-01-02T09:39:23Z">
          <exception class="java.lang.AssertionError">
            <message>
              <![CDATA[1 expectation failed.
Expected status code <201> but was <400>.
]]>
            </message>
            <full-stacktrace>
              <![CDATA[java.lang.AssertionError: 1 expectation failed.
Expected status code <201> but was <400>.

	at sun.reflect.NativeConstructorAccessorImpl.newInstance0(Native Method)
	at sun.reflect.NativeConstructorAccessorImpl.newInstance(NativeConstructorAccessorImpl.java:62)
	at sun.reflect.DelegatingConstructorAccessorImpl.newInstance(DelegatingConstructorAccessorImpl.java:45)
	at java.lang.reflect.Constructor.newInstance(Constructor.java:423)
	at org.codehaus.groovy.reflection.CachedConstructor.invoke(CachedConstructor.java:83)
	at org.codehaus.groovy.reflection.CachedConstructor.doConstructorInvoke(CachedConstructor.java:77)
	at org.codehaus.groovy.runtime.callsite.ConstructorSite$ConstructorSiteNoUnwrap.callConstructor(ConstructorSite.java:84)
	at org.codehaus.groovy.runtime.callsite.CallSiteArray.defaultCallConstructor(CallSiteArray.java:60)
	at org.codehaus.groovy.runtime.callsite.AbstractCallSite.callConstructor(AbstractCallSite.java:235)
	at org.codehaus.groovy.runtime.callsite.AbstractCallSite.callConstructor(AbstractCallSite.java:247)
	at io.restassured.internal.ResponseSpecificationImpl$HamcrestAssertionClosure.validate(ResponseSpecificationImpl.groovy:471)
	at io.restassured.internal.ResponseSpecificationImpl$HamcrestAssertionClosure$validate$1.call(Unknown Source)
	at io.restassured.internal.ResponseSpecificationImpl.validateResponseIfRequired(ResponseSpecificationImpl.groovy:636)
	at sun.reflect.NativeMethodAccessorImpl.invoke0(Native Method)
	at sun.reflect.NativeMethodAccessorImpl.invoke(NativeMethodAccessorImpl.java:62)
	at sun.reflect.DelegatingMethodAccessorImpl.invoke(DelegatingMethodAccessorImpl.java:43)
	at java.lang.reflect.Method.invoke(Method.java:498)
	at org.codehaus.groovy.runtime.callsite.PogoMetaMethodSite$PogoCachedMethodSiteNoUnwrapNoCoerce.invoke(PogoMetaMethodSite.java:210)
	at org.codehaus.groovy.runtime.callsite.PogoMetaMethodSite.callCurrent(PogoMetaMethodSite.java:59)
	at org.codehaus.groovy.runtime.callsite.AbstractCallSite.callCurrent(AbstractCallSite.java:166)
	at io.restassured.internal.ResponseSpecificationImpl.statusCode(ResponseSpecificationImpl.groovy:122)
	at io.restassured.specification.ResponseSpecification$statusCode$0.callCurrent(Unknown Source)
	at io.restassured.internal.ResponseSpecificationImpl.statusCode(ResponseSpecificationImpl.groovy:130)
	at io.restassured.internal.ValidatableResponseOptionsImpl.statusCode(ValidatableResponseOptionsImpl.java:117)
	at WPOSAPI.swipe.SwipeAuth(swipe.java:62)
	at sun.reflect.NativeMethodAccessorImpl.invoke0(Native Method)
	at sun.reflect.NativeMethodAccessorImpl.invoke(NativeMethodAccessorImpl.java:62)
	at sun.reflect.DelegatingMethodAccessorImpl.invoke(DelegatingMethodAccessorImpl.java:43)
	at java.lang.reflect.Method.invoke(Method.java:498)
	at org.testng.internal.MethodInvocationHelper.invokeMethod(MethodInvocationHelper.java:80)
	at org.testng.internal.Invoker.invokeMethod(Invoker.java:673)
	at org.testng.internal.Invoker.invokeTestMethod(Invoker.java:842)
	at org.testng.internal.Invoker.invokeTestMethods(Invoker.java:1166)
	at org.testng.internal.TestMethodWorker.invokeTestMethods(TestMethodWorker.java:125)
	at org.testng.internal.TestMethodWorker.run(TestMethodWorker.java:109)
	at org.testng.TestRunner.runWorkers(TestRunner.java:1178)
	at org.testng.TestRunner.privateRun(TestRunner.java:757)
	at org.testng.TestRunner.run(TestRunner.java:608)
	at org.testng.SuiteRunner.runTest(SuiteRunner.java:334)
	at org.testng.SuiteRunner.runSequentially(SuiteRunner.java:329)
	at org.testng.SuiteRunner.privateRun(SuiteRunner.java:291)
	at org.testng.SuiteRunner.run(SuiteRunner.java:240)
	at org.testng.SuiteRunnerWorker.runSuite(SuiteRunnerWorker.java:52)
	at org.testng.SuiteRunnerWorker.run(SuiteRunnerWorker.java:86)
	at org.testng.TestNG.runSuitesSequentially(TestNG.java:1158)
	at org.testng.TestNG.runSuitesLocally(TestNG.java:1083)
	at org.testng.TestNG.run(TestNG.java:999)
	at org.testng.remote.AbstractRemoteTestNG.run(AbstractRemoteTestNG.java:114)
	at org.testng.remote.RemoteTestNG.initAndRun(RemoteTestNG.java:251)
	at org.testng.remote.RemoteTestNG.main(RemoteTestNG.java:77)
]]>
            </full-stacktrace>
          </exception>
        </test-method>
      </class>
    </test>
  </suite>
</testng-results>
